[debug] [2023-11-13T17:26:20.384Z] ----------------------------------------------------------------------
[debug] [2023-11-13T17:26:20.390Z] Command:       C:\Program Files\nodejs\node.exe C:\Users\acerm\AppData\Roaming\npm\node_modules\firebase-tools\lib\bin\firebase.js init
[debug] [2023-11-13T17:26:20.391Z] CLI Version:   12.8.1
[debug] [2023-11-13T17:26:20.391Z] Platform:      win32
[debug] [2023-11-13T17:26:20.392Z] Node Version:  v21.1.0
[debug] [2023-11-13T17:26:20.392Z] Time:          Mon Nov 13 2023 14:26:20 GMT-0300 (hora estándar de Argentina)
[debug] [2023-11-13T17:26:20.393Z] ----------------------------------------------------------------------
[debug] 
[debug] [2023-11-13T17:26:20.410Z] > command requires scopes: ["email","openid","https://www.googleapis.com/auth/cloudplatformprojects.readonly","https://www.googleapis.com/auth/firebase","https://www.googleapis.com/auth/cloud-platform"]
[debug] [2023-11-13T17:26:20.411Z] > authorizing via signed-in user (uvillapatricia@gmail.com)
[info] 
     ######## #### ########  ######## ########     ###     ######  ########
     ##        ##  ##     ## ##       ##     ##  ##   ##  ##       ##
     ######    ##  ########  ######   ########  #########  ######  ######
     ##        ##  ##    ##  ##       ##     ## ##     ##       ## ##
     ##       #### ##     ## ######## ########  ##     ##  ######  ########

You're about to initialize a Firebase project in this directory:

  C:\xampp7.4\htdocs\laravelpg\curso-angular\angular-first

Before we get started, keep in mind:

  * You are currently outside your home directory

[info] 
=== Project Setup
[info] 
[info] First, let's associate this project directory with a Firebase project.
[info] You can create multiple project aliases by running firebase use --add, 
[info] but for now we'll just set up a default project.
[info] 
[debug] [2023-11-13T18:00:42.665Z] >>> [apiv2][query] GET https://firebase.googleapis.com/v1beta1/projects pageSize=100
[debug] [2023-11-13T18:00:47.924Z] <<< [apiv2][status] GET https://firebase.googleapis.com/v1beta1/projects 200
[debug] [2023-11-13T18:00:47.924Z] <<< [apiv2][body] GET https://firebase.googleapis.com/v1beta1/projects [omitted]
[info] i  Using project platzi-1-e2f99 (Platzi-1) 
[info] 
=== Hosting Setup
[info] 
[info] Your public directory is the folder (relative to your project directory) that
[info] will contain Hosting assets to be uploaded with firebase deploy. If you
[info] have a build process for your assets, use your build's output directory.
[info] 
[debug] [2023-11-13T18:01:09.710Z] >>> [apiv2][query] GET https://www.gstatic.com/firebasejs/releases.json [none]
[debug] [2023-11-13T18:01:10.053Z] <<< [apiv2][status] GET https://www.gstatic.com/firebasejs/releases.json 200
[debug] [2023-11-13T18:01:10.053Z] <<< [apiv2][body] GET https://www.gstatic.com/firebasejs/releases.json {"current":{"version":"10.6.0","browserURL":"https://www.gstatic.com/firebasejs/10.6.0/firebase.js","packageURL":"https://www.gstatic.com/firebasejs/10.6.0/firebase.tgz"},"live":{"version":"10.6","browserURL":"https://www.gstatic.com/firebasejs/live/10.6/firebase.js","packageURL":"https://www.gstatic.com/firebasejs/live/10.6/firebase.tgz"},"components":{"analytics":"https://www.gstatic.com/firebasejs/10.6.0/firebase-analytics.js","app":"https://www.gstatic.com/firebasejs/10.6.0/firebase-app.js","app-check":"https://www.gstatic.com/firebasejs/10.6.0/firebase-app-check.js","auth":"https://www.gstatic.com/firebasejs/10.6.0/firebase-auth.js","auth/cordova":"https://www.gstatic.com/firebasejs/10.6.0/firebase-auth/cordova.js","functions":"https://www.gstatic.com/firebasejs/10.6.0/firebase-functions.js","firestore":"https://www.gstatic.com/firebasejs/10.6.0/firebase-firestore.js","firestore/lite":"https://www.gstatic.com/firebasejs/10.6.0/firebase-firestore/lite.js","installations":"https://www.gstatic.com/firebasejs/10.6.0/firebase-installations.js","storage":"https://www.gstatic.com/firebasejs/10.6.0/firebase-storage.js","performance":"https://www.gstatic.com/firebasejs/10.6.0/firebase-performance.js","remote-config":"https://www.gstatic.com/firebasejs/10.6.0/firebase-remote-config.js","messaging":"https://www.gstatic.com/firebasejs/10.6.0/firebase-messaging.js","messaging/sw":"https://www.gstatic.com/firebasejs/10.6.0/firebase-messaging/sw.js","database":"https://www.gstatic.com/firebasejs/10.6.0/firebase-database.js","firestore.memory":"https://www.gstatic.com/firebasejs/10.6.0/firebase-firestore.memory.js"}}
[info] +  Wrote public/index.html 
[info] 
[info] i  Didn't detect a .git folder. Assuming C:\xampp7.4\htdocs\laravelpg\curso-angular\angular-first is the project root. 
[info] i  Authorizing with GitHub to upload your service account to a GitHub repository's secrets store. 
[info] 
[info] Visit this URL on this device to log in:
[info] https://github.com/login/oauth/authorize?client_id=89cf50f02ac6aaed3484&state=360736707&redirect_uri=http%3A%2F%2Flocalhost%3A9005&scope=read%3Auser%20repo%20public_repo
[info] 
[info] Waiting for authentication...
[debug] [2023-11-13T18:01:31.987Z] >>> [apiv2][query] POST https://github.com/login/oauth/access_token [none]
[debug] [2023-11-13T18:01:31.988Z] >>> [apiv2][body] POST https://github.com/login/oauth/access_token [stream]
[debug] [2023-11-13T18:01:32.528Z] <<< [apiv2][status] POST https://github.com/login/oauth/access_token 200
[debug] [2023-11-13T18:01:32.528Z] <<< [apiv2][body] POST https://github.com/login/oauth/access_token {"access_token":"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","token_type":"bearer","scope":"read:user,repo"}
[debug] [2023-11-13T18:01:32.582Z] >>> [apiv2][query] GET https://api.github.com/user [none]
[debug] [2023-11-13T18:01:33.142Z] <<< [apiv2][status] GET https://api.github.com/user 200
[debug] [2023-11-13T18:01:33.142Z] <<< [apiv2][body] GET https://api.github.com/user {"login":"migueluvilla","id":57377273,"node_id":"MDQ6VXNlcjU3Mzc3Mjcz","avatar_url":"https://avatars.githubusercontent.com/u/57377273?v=4","gravatar_id":"","url":"https://api.github.com/users/migueluvilla","html_url":"https://github.com/migueluvilla","followers_url":"https://api.github.com/users/migueluvilla/followers","following_url":"https://api.github.com/users/migueluvilla/following{/other_user}","gists_url":"https://api.github.com/users/migueluvilla/gists{/gist_id}","starred_url":"https://api.github.com/users/migueluvilla/starred{/owner}{/repo}","subscriptions_url":"https://api.github.com/users/migueluvilla/subscriptions","organizations_url":"https://api.github.com/users/migueluvilla/orgs","repos_url":"https://api.github.com/users/migueluvilla/repos","events_url":"https://api.github.com/users/migueluvilla/events{/privacy}","received_events_url":"https://api.github.com/users/migueluvilla/received_events","type":"User","site_admin":false,"name":"Miguel Angel Uvilla","company":null,"blog":"migueluvilla.com.ar","location":null,"email":null,"hireable":null,"bio":null,"twitter_username":null,"public_repos":13,"public_gists":0,"followers":1,"following":0,"created_at":"2019-11-05T00:28:33Z","updated_at":"2023-10-30T17:28:47Z","private_gists":0,"total_private_repos":2,"owned_private_repos":2,"disk_usage":18615,"collaborators":0,"two_factor_authentication":false,"plan":{"name":"free","space":976562499,"collaborators":0,"private_repos":10000}}
[info] 
[info] +  Success! Logged into GitHub as migueluvilla 
[info] 
[debug] [2023-11-13T18:01:45.532Z] >>> [apiv2][query] GET https://api.github.com/repos/n/actions/secrets/public-key type=owner
[debug] [2023-11-13T18:01:45.993Z] <<< [apiv2][status] GET https://api.github.com/repos/n/actions/secrets/public-key 404
[debug] [2023-11-13T18:01:45.993Z] <<< [apiv2][body] GET https://api.github.com/repos/n/actions/secrets/public-key {"message":"Not Found","documentation_url":"https://docs.github.com/rest"}
[info] 
[info] 
[error] !  The provided authorization cannot be used with this repository. If this repository is in an organization, did you remember to grant access? 
[info] 
[info] i  Action required: Visit this URL to ensure access has been granted to the appropriate organization(s) for the Firebase CLI GitHub OAuth App: 
[info] https://github.com/settings/connections/applications/89cf50f02ac6aaed3484
[info] 
[debug] [2023-11-13T18:01:47.443Z] >>> [apiv2][query] GET https://api.github.com/repos/n/actions/secrets/public-key type=owner
[debug] [2023-11-13T18:01:47.666Z] <<< [apiv2][status] GET https://api.github.com/repos/n/actions/secrets/public-key 404
[debug] [2023-11-13T18:01:47.666Z] <<< [apiv2][body] GET https://api.github.com/repos/n/actions/secrets/public-key {"message":"Not Found","documentation_url":"https://docs.github.com/rest"}
[info] 
[info] 
[error] !  The provided authorization cannot be used with this repository. If this repository is in an organization, did you remember to grant access? 
[info] 
[info] i  Action required: Visit this URL to ensure access has been granted to the appropriate organization(s) for the Firebase CLI GitHub OAuth App: 
[info] https://github.com/settings/connections/applications/89cf50f02ac6aaed3484
[info] 
[debug] [2023-11-13T18:01:48.303Z] >>> [apiv2][query] GET https://api.github.com/repos/n/actions/secrets/public-key type=owner
[debug] [2023-11-13T18:01:48.531Z] <<< [apiv2][status] GET https://api.github.com/repos/n/actions/secrets/public-key 404
[debug] [2023-11-13T18:01:48.532Z] <<< [apiv2][body] GET https://api.github.com/repos/n/actions/secrets/public-key {"message":"Not Found","documentation_url":"https://docs.github.com/rest"}
[info] 
[info] 
[error] !  The provided authorization cannot be used with this repository. If this repository is in an organization, did you remember to grant access? 
[info] 
[info] i  Action required: Visit this URL to ensure access has been granted to the appropriate organization(s) for the Firebase CLI GitHub OAuth App: 
[info] https://github.com/settings/connections/applications/89cf50f02ac6aaed3484
[info] 
